  Проверка исходных файлов
  Удаленное копирование исходных файлов в "192.168.0.141"
  Проверка архитектуры
C:\Program Files (x86)\Microsoft Visual Studio\2019\Community\MSBuild\Microsoft\VC\v160\Application Type\Linux\1.0\Linux.targets(183,5): warning : Архитектуры платформ для удаленных систем, используемых при развертывании ("x64", "ARM"), несовместимы.
  Проверка архитектуры
  Запуск удаленной сборки.
  Компиляция исходных файлов:
  main.cpp
C:\Repos\OPC_Server\OPC_Server\main.cpp(107,80): warning : ISO C++ forbids converting a string constant to 'char*' [-Wwrite-strings]
C:\Repos\OPC_Server\OPC_Server\main.cpp(107,80): warning :   oAttr.displayName = UA_LOCALIZEDTEXT("en-US", (char*) controller->name.c_str());
C:\Repos\OPC_Server\OPC_Server\main.cpp(107,80): warning :                                                                                 ^
C:\Repos\OPC_Server\OPC_Server\main.cpp(115,20): warning : comparison between signed and unsigned integer expressions [-Wsign-compare]
C:\Repos\OPC_Server\OPC_Server\main.cpp(115,20): warning :   for (int i = 0; i < controller->vectorNode.size(); i++)
C:\Repos\OPC_Server\OPC_Server\main.cpp(115,20): warning :                   ~~^~~~~~~~~~~~~~~~~~~~~~~~~~~~~~~
C:\Repos\OPC_Server\OPC_Server\main.cpp(127,76): warning : ISO C++ forbids converting a string constant to 'char*' [-Wwrite-strings]
C:\Repos\OPC_Server\OPC_Server\main.cpp(127,76): warning :    statusAttr.displayName = UA_LOCALIZEDTEXT("en-US", (char*)id_node.c_str());
C:\Repos\OPC_Server\OPC_Server\main.cpp(127,76): warning :                                                                             ^
C:\Repos\OPC_Server\OPC_Server\main.cpp(133,21): warning : comparison between signed and unsigned integer expressions [-Wsign-compare]
C:\Repos\OPC_Server\OPC_Server\main.cpp(133,21): warning :    for (int j = 0; j < controller->vectorNode[i].vectorDevice.size(); j++)
C:\Repos\OPC_Server\OPC_Server\main.cpp(133,21): warning :                    ~~^~~~~~~~~~~~~~~~~~~~~~~~~~~~~~~~~~~~~~~~~~~~~~~
C:\Repos\OPC_Server\OPC_Server\main.cpp(144,80): warning : ISO C++ forbids converting a string constant to 'char*' [-Wwrite-strings]
C:\Repos\OPC_Server\OPC_Server\main.cpp(144,80): warning :     statusAttr2.displayName = UA_LOCALIZEDTEXT("en-US", (char*)id_device.c_str());
C:\Repos\OPC_Server\OPC_Server\main.cpp(144,80): warning :                                                                                 ^
C:\Repos\OPC_Server\OPC_Server\main.cpp(150,22): warning : comparison between signed and unsigned integer expressions [-Wsign-compare]
C:\Repos\OPC_Server\OPC_Server\main.cpp(150,22): warning :     for (int k = 0; k < controller->vectorNode[i].vectorDevice[j].vectorTag.size(); k++)
C:\Repos\OPC_Server\OPC_Server\main.cpp(150,22): warning :                     ~~^~~~~~~~~~~~~~~~~~~~~~~~~~~~~~~~~~~~~~~~~~~~~~~~~~~~~~~~~~~~
C:\Repos\OPC_Server\OPC_Server\main.cpp(166,79): warning : ISO C++ forbids converting a string constant to 'char*' [-Wwrite-strings]
C:\Repos\OPC_Server\OPC_Server\main.cpp(166,79): warning :       statusAttr3.displayName = UA_LOCALIZEDTEXT("en-US", (char*)id_tag.c_str());
C:\Repos\OPC_Server\OPC_Server\main.cpp(166,79): warning :                                                                                ^
C:\Repos\OPC_Server\OPC_Server\main.cpp(176,79): warning : ISO C++ forbids converting a string constant to 'char*' [-Wwrite-strings]
C:\Repos\OPC_Server\OPC_Server\main.cpp(176,79): warning :       statusAttr3.displayName = UA_LOCALIZEDTEXT("en-US", (char*)id_tag.c_str());
C:\Repos\OPC_Server\OPC_Server\main.cpp(176,79): warning :                                                                                ^
C:\Repos\OPC_Server\OPC_Server\main.cpp(186,79): warning : ISO C++ forbids converting a string constant to 'char*' [-Wwrite-strings]
C:\Repos\OPC_Server\OPC_Server\main.cpp(186,79): warning :       statusAttr3.displayName = UA_LOCALIZEDTEXT("en-US", (char*)id_tag.c_str());
C:\Repos\OPC_Server\OPC_Server\main.cpp(186,79): warning :                                                                                ^
C:\Repos\OPC_Server\OPC_Server\main.cpp(196,79): warning : ISO C++ forbids converting a string constant to 'char*' [-Wwrite-strings]
C:\Repos\OPC_Server\OPC_Server\main.cpp(196,79): warning :       statusAttr3.displayName = UA_LOCALIZEDTEXT("en-US", (char*)id_tag.c_str());
C:\Repos\OPC_Server\OPC_Server\main.cpp(196,79): warning :                                                                                ^
C:\Repos\OPC_Server\OPC_Server\main.cpp(209,79): warning : ISO C++ forbids converting a string constant to 'char*' [-Wwrite-strings]
C:\Repos\OPC_Server\OPC_Server\main.cpp(209,79): warning :       statusAttr3.displayName = UA_LOCALIZEDTEXT("en-US", (char*)id_tag.c_str());
C:\Repos\OPC_Server\OPC_Server\main.cpp(209,79): warning :                                                                                ^
C:\Repos\OPC_Server\OPC_Server\main.cpp(218,55): warning : ISO C++ forbids converting a string constant to 'char*' [-Wwrite-strings]
C:\Repos\OPC_Server\OPC_Server\main.cpp(218,55): warning :       statusAttr4.description.text = UA_STRING("sample");
C:\Repos\OPC_Server\OPC_Server\main.cpp(218,55): warning :                                                        ^
C:\Repos\OPC_Server\OPC_Server\main.cpp(222,79): warning : ISO C++ forbids converting a string constant to 'char*' [-Wwrite-strings]
C:\Repos\OPC_Server\OPC_Server\main.cpp(222,79): warning :       statusAttr4.displayName = UA_LOCALIZEDTEXT("en-US", (char*)id_tag.c_str());
C:\Repos\OPC_Server\OPC_Server\main.cpp(222,79): warning :                                                                                ^
C:\Repos\OPC_Server\OPC_Server\main.cpp(242,16): warning : unused variable 'retval' [-Wunused-variable]
C:\Repos\OPC_Server\OPC_Server\main.cpp(242,16): warning :   UA_StatusCode retval = UA_Server_run(server, &running);
C:\Repos\OPC_Server\OPC_Server\main.cpp(242,16): warning :                 ^~~~~~
C:\Repos\OPC_Server\OPC_Server\main.cpp(268,20): warning : comparison between signed and unsigned integer expressions [-Wsign-compare]
C:\Repos\OPC_Server\OPC_Server\main.cpp(268,20): warning :   for (int i = 0; i < controller->vectorNode.size(); i++)
C:\Repos\OPC_Server\OPC_Server\main.cpp(268,20): warning :                   ~~^~~~~~~~~~~~~~~~~~~~~~~~~~~~~~~
C:\Repos\OPC_Server\OPC_Server\main.cpp(280,22): warning : comparison between signed and unsigned integer expressions [-Wsign-compare]
C:\Repos\OPC_Server\OPC_Server\main.cpp(280,22): warning :     for (int j = 0; j < controller->vectorNode[i].vectorDevice.size(); j++)
C:\Repos\OPC_Server\OPC_Server\main.cpp(280,22): warning :                     ~~^~~~~~~~~~~~~~~~~~~~~~~~~~~~~~~~~~~~~~~~~~~~~~~
C:\Repos\OPC_Server\OPC_Server\main.cpp(284,59): warning : conversion to 'int16_t {aka short int}' from 'int' may alter its value [-Wconversion]
C:\Repos\OPC_Server\OPC_Server\main.cpp(284,59): warning :      controller->vectorNode[i].vectorDevice[j].id_device = j;
C:\Repos\OPC_Server\OPC_Server\main.cpp(284,59): warning :                                                            ^
C:\Repos\OPC_Server\OPC_Server\main.cpp(318,20): warning : comparison between signed and unsigned integer expressions [-Wsign-compare]
C:\Repos\OPC_Server\OPC_Server\main.cpp(318,20): warning :   for (int i = 0; i < modbus_thread.size(); i++)
C:\Repos\OPC_Server\OPC_Server\main.cpp(318,20): warning :                   ~~^~~~~~~~~~~~~~~~~~~~~~
C:\Repos\OPC_Server\OPC_Server\main.cpp(403,18): warning : ISO C++ forbids converting a string constant to 'char*' [-Wwrite-strings]
C:\Repos\OPC_Server\OPC_Server\main.cpp(403,18): warning :    path_to_json = "/usr/httpserv/opc.json";
C:\Repos\OPC_Server\OPC_Server\main.cpp(403,18): warning :                   ^~~~~~~~~~~~~~~~~~~~~~~~
C:\Repos\OPC_Server\OPC_Server\main.cpp(386,6): warning : unused variable 'status' [-Wunused-variable]
C:\Repos\OPC_Server\OPC_Server\main.cpp(386,6): warning :   int status = 0;
C:\Repos\OPC_Server\OPC_Server\main.cpp(386,6): warning :       ^~~~~~
C:\Repos\OPC_Server\OPC_Server\main.cpp(343,1): warning : control reaches end of non-void function [-Wreturn-type]
C:\Repos\OPC_Server\OPC_Server\main.cpp(343,1): warning :  };
C:\Repos\OPC_Server\OPC_Server\main.cpp(343,1): warning :  ^
C:\Repos\OPC_Server\OPC_Server\main.cpp(349,1): warning : control reaches end of non-void function [-Wreturn-type]
C:\Repos\OPC_Server\OPC_Server\main.cpp(349,1): warning :  };
C:\Repos\OPC_Server\OPC_Server\main.cpp(349,1): warning :  ^
  Связывание объектов
  OPC_Server.vcxproj -> C:\Repos\OPC_Server\OPC_Server\bin\x64\Debug\OPC_Server.out
  
  OPC_Server.out            | 4 kB |   4.0 kB/s | ETA: 00:09:22 |   0%
  OPC_Server.out            | 1520 kB | 1520.0 kB/s | ETA: 00:00:00 |  67%
  OPC_Server.out            | 2253 kB | 2253.9 kB/s | ETA: 00:00:00 | 100%
