  Validating sources
  Copying sources remotely to '192.168.5.210'
  Validating architecture
  Starting remote build
  Compiling sources:
  rs485.cpp
D:\Repos\OPC_Server\OPC_Server\rs485.cpp(36,10): warning : ISO C++ forbids converting a string constant to ‘char*’ [-Wwrite-strings]
D:\Repos\OPC_Server\OPC_Server\rs485.cpp(36,10): warning :    return "/dev/rs485_0";
D:\Repos\OPC_Server\OPC_Server\rs485.cpp(36,10): warning :           ^~~~~~~~~~~~~~
D:\Repos\OPC_Server\OPC_Server\rs485.cpp(38,10): warning : ISO C++ forbids converting a string constant to ‘char*’ [-Wwrite-strings]
D:\Repos\OPC_Server\OPC_Server\rs485.cpp(38,10): warning :    return "/dev/rs485_1";
D:\Repos\OPC_Server\OPC_Server\rs485.cpp(38,10): warning :           ^~~~~~~~~~~~~~
D:\Repos\OPC_Server\OPC_Server\rs485.cpp(40,10): warning : ISO C++ forbids converting a string constant to ‘char*’ [-Wwrite-strings]
D:\Repos\OPC_Server\OPC_Server\rs485.cpp(40,10): warning :    return "/dev/rs485_2";
D:\Repos\OPC_Server\OPC_Server\rs485.cpp(40,10): warning :           ^~~~~~~~~~~~~~
D:\Repos\OPC_Server\OPC_Server\rs485.cpp(42,10): warning : ISO C++ forbids converting a string constant to ‘char*’ [-Wwrite-strings]
D:\Repos\OPC_Server\OPC_Server\rs485.cpp(42,10): warning :    return "/dev/rs485_3";
D:\Repos\OPC_Server\OPC_Server\rs485.cpp(42,10): warning :           ^~~~~~~~~~~~~~
D:\Repos\OPC_Server\OPC_Server\rs485.cpp(44,10): warning : ISO C++ forbids converting a string constant to ‘char*’ [-Wwrite-strings]
D:\Repos\OPC_Server\OPC_Server\rs485.cpp(44,10): warning :    return "/dev/rs485_4";
D:\Repos\OPC_Server\OPC_Server\rs485.cpp(44,10): warning :           ^~~~~~~~~~~~~~
D:\Repos\OPC_Server\OPC_Server\rs485.cpp(46,10): warning : ISO C++ forbids converting a string constant to ‘char*’ [-Wwrite-strings]
D:\Repos\OPC_Server\OPC_Server\rs485.cpp(46,10): warning :    return "/dev/rs485_5";
D:\Repos\OPC_Server\OPC_Server\rs485.cpp(46,10): warning :           ^~~~~~~~~~~~~~
D:\Repos\OPC_Server\OPC_Server\rs485.cpp(48,10): warning : ISO C++ forbids converting a string constant to ‘char*’ [-Wwrite-strings]
D:\Repos\OPC_Server\OPC_Server\rs485.cpp(48,10): warning :    return "/dev/rs485_6";
D:\Repos\OPC_Server\OPC_Server\rs485.cpp(48,10): warning :           ^~~~~~~~~~~~~~
D:\Repos\OPC_Server\OPC_Server\rs485.cpp(50,10): warning : ISO C++ forbids converting a string constant to ‘char*’ [-Wwrite-strings]
D:\Repos\OPC_Server\OPC_Server\rs485.cpp(50,10): warning :    return "/dev/rs485_7";
D:\Repos\OPC_Server\OPC_Server\rs485.cpp(50,10): warning :           ^~~~~~~~~~~~~~
D:\Repos\OPC_Server\OPC_Server\rs485.cpp(55,10): warning : ISO C++ forbids converting a string constant to ‘char*’ [-Wwrite-strings]
D:\Repos\OPC_Server\OPC_Server\rs485.cpp(55,10): warning :    return "/dev/rs485_3";
D:\Repos\OPC_Server\OPC_Server\rs485.cpp(55,10): warning :           ^~~~~~~~~~~~~~
D:\Repos\OPC_Server\OPC_Server\rs485.cpp(83,20): warning : conversion to ‘int16_t {aka short int}’ from ‘int’ may alter its value [-Wconversion]
D:\Repos\OPC_Server\OPC_Server\rs485.cpp(83,20): warning :    node->f_id = open(port, O_RDWR);
D:\Repos\OPC_Server\OPC_Server\rs485.cpp(83,20): warning :                 ~~~~^~~~~~~~~~~~~~
D:\Repos\OPC_Server\OPC_Server\rs485.cpp(107,21): warning : comparison between signed and unsigned integer expressions [-Wsign-compare]
D:\Repos\OPC_Server\OPC_Server\rs485.cpp(107,21): warning :    for (int i = 0; i < node->vectorDevice.size(); i++)
D:\Repos\OPC_Server\OPC_Server\rs485.cpp(107,21): warning :                    ~~^~~~~~~~~~~~~~~~~~~~~~~~~~~
D:\Repos\OPC_Server\OPC_Server\rs485.cpp(113,23): warning : comparison between signed and unsigned integer expressions [-Wsign-compare]
D:\Repos\OPC_Server\OPC_Server\rs485.cpp(113,23): warning :      for (int y = 0; y < vector_optimize[i].request.size(); y++)
D:\Repos\OPC_Server\OPC_Server\rs485.cpp(113,23): warning :                      ~~^~~~~~~~~~~~~~~~~~~~~~~~~~~~~~~~~~~
D:\Repos\OPC_Server\OPC_Server\rs485.cpp(152,34): warning : conversion to ‘int16_t {aka short int}’ from ‘long int’ may alter its value [-Wconversion]
D:\Repos\OPC_Server\OPC_Server\rs485.cpp(152,34): warning :    dur_ms = duration.tv_sec * 100 + (duration.tv_nsec / 1000000);
D:\Repos\OPC_Server\OPC_Server\rs485.cpp(152,34): warning :             ~~~~~~~~~~~~~~~~~~~~~~^~~~~~~~~~~~~~~~~~~~~~~~~~~~~~
D:\Repos\OPC_Server\OPC_Server\rs485.cpp(66,10): warning : unused variable ‘result’ [-Wunused-variable]
D:\Repos\OPC_Server\OPC_Server\rs485.cpp(66,10): warning :   int16_t result = 0;
D:\Repos\OPC_Server\OPC_Server\rs485.cpp(66,10): warning :           ^~~~~~
D:\Repos\OPC_Server\OPC_Server\rs485.cpp(70,10): warning : unused variable ‘common_dur_ms’ [-Wunused-variable]
D:\Repos\OPC_Server\OPC_Server\rs485.cpp(70,10): warning :   int16_t common_dur_ms = 0;
D:\Repos\OPC_Server\OPC_Server\rs485.cpp(70,10): warning :           ^~~~~~~~~~~~~
  Linking objects
  OPC_Server.vcxproj -> D:\Repos\OPC_Server\OPC_Server\bin\ARM\Debug\OPC_Server.out
